<?xml version="1.0" encoding="UTF-8"?>
<testng-results skipped="0" failed="0" total="1" passed="1">
  <reporter-output>
  </reporter-output>
  <suite name="Default suite" duration-ms="12557" started-at="2016-07-13T13:18:42Z" finished-at="2016-07-13T13:18:55Z">
    <groups>
    </groups>
    <test name="Default test" duration-ms="12557" started-at="2016-07-13T13:18:42Z" finished-at="2016-07-13T13:18:55Z">
      <class name="com.morningstar.phoenix.tests.caqa.Example1">
        <test-method status="PASS" signature="Example_001(org.testng.ITestContext, java.lang.reflect.Method)[pri:0, instance:com.morningstar.phoenix.tests.caqa.Example1@5056dfcb]" name="Example_001" duration-ms="12544" started-at="2016-07-13T09:18:42Z" finished-at="2016-07-13T09:18:55Z">
          <params>
            <param index="0">
              <value>
                <![CDATA[org.testng.TestRunner@29774679]]>
              </value>
            </param>
            <param index="1">
              <value>
                <![CDATA[public void com.morningstar.phoenix.tests.caqa.Example1.Example_001(org.testng.ITestContext,java.lang.reflect.Method)]]>
              </value>
            </param>
          </params>
          <reporter-output>
          </reporter-output>
        </test-method> <!-- Example_001 -->
      </class> <!-- com.morningstar.phoenix.tests.caqa.Example1 -->
    </test> <!-- Default test -->
  </suite> <!-- Default suite -->
</testng-results>
